# Logfile created on 2014-01-06 13:13:17 -0500 by logger.rb/31641
I, [2014-01-06T13:13:17.835485 #76692]  INFO -- : 0:  builder (3.2.2) from /Users/jfu/.rvm/gems/ruby-1.9.3-p448@selenium/specifications/builder-3.2.2.gemspec
I, [2014-01-06T13:13:18.523530 #76692]  INFO -- : 0:  mime-types (2.0) from /Users/jfu/.rvm/gems/ruby-1.9.3-p448@selenium/specifications/mime-types-2.0.gemspec
I, [2014-01-06T13:13:19.094346 #76692]  INFO -- : 0:  mini_portile (0.5.2) from /Users/jfu/.rvm/gems/ruby-1.9.3-p448@selenium/specifications/mini_portile-0.5.2.gemspec
I, [2014-01-06T13:15:11.562252 #76692]  INFO -- : 0:  nokogiri (1.6.1) from /Users/jfu/.rvm/gems/ruby-1.9.3-p448@selenium/specifications/nokogiri-1.6.1.gemspec
I, [2014-01-06T13:15:13.474620 #76692]  INFO -- : 0:  rack (1.5.2) from /Users/jfu/.rvm/gems/ruby-1.9.3-p448@selenium/specifications/rack-1.5.2.gemspec
I, [2014-01-06T13:15:14.155751 #76692]  INFO -- : 0:  rack-test (0.6.2) from /Users/jfu/.rvm/gems/ruby-1.9.3-p448@selenium/specifications/rack-test-0.6.2.gemspec
I, [2014-01-06T13:15:15.402004 #76692]  INFO -- : 0:  xpath (2.0.0) from /Users/jfu/.rvm/gems/ruby-1.9.3-p448@selenium/specifications/xpath-2.0.0.gemspec
I, [2014-01-06T13:15:16.247103 #76692]  INFO -- : 0:  capybara (2.1.0) from /Users/jfu/.rvm/gems/ruby-1.9.3-p448@selenium/specifications/capybara-2.1.0.gemspec
I, [2014-01-06T13:15:37.759994 #76692]  INFO -- : 0:  ffi (1.9.3) from /Users/jfu/.rvm/gems/ruby-1.9.3-p448@selenium/specifications/ffi-1.9.3.gemspec
I, [2014-01-06T13:15:38.789134 #76692]  INFO -- : 0:  childprocess (0.3.9) from /Users/jfu/.rvm/gems/ruby-1.9.3-p448@selenium/specifications/childprocess-0.3.9.gemspec
I, [2014-01-06T13:15:39.464869 #76692]  INFO -- : 0:  ci_reporter (1.9.1) from /Users/jfu/.rvm/gems/ruby-1.9.3-p448@selenium/specifications/ci_reporter-1.9.1.gemspec
I, [2014-01-06T13:15:40.426853 #76692]  INFO -- : 0:  cliver (0.3.2) from /Users/jfu/.rvm/gems/ruby-1.9.3-p448@selenium/specifications/cliver-0.3.2.gemspec
I, [2014-01-06T13:15:41.591289 #76692]  INFO -- : 0:  diff-lcs (1.2.5) from /Users/jfu/.rvm/gems/ruby-1.9.3-p448@selenium/specifications/diff-lcs-1.2.5.gemspec
I, [2014-01-06T13:15:42.765280 #76692]  INFO -- : 0:  multi_json (1.8.2) from /Users/jfu/.rvm/gems/ruby-1.9.3-p448@selenium/specifications/multi_json-1.8.2.gemspec
I, [2014-01-06T13:16:11.184026 #76692]  INFO -- : 0:  gherkin (2.12.2) from /Users/jfu/.rvm/gems/ruby-1.9.3-p448@selenium/specifications/gherkin-2.12.2.gemspec
I, [2014-01-06T13:16:12.449450 #76692]  INFO -- : 0:  multi_test (0.0.3) from /Users/jfu/.rvm/gems/ruby-1.9.3-p448@selenium/specifications/multi_test-0.0.3.gemspec
I, [2014-01-06T13:16:14.323838 #76692]  INFO -- : 0:  cucumber (1.3.10) from /Users/jfu/.rvm/gems/ruby-1.9.3-p448@selenium/specifications/cucumber-1.3.10.gemspec
I, [2014-01-06T13:16:15.662689 #76692]  INFO -- : 0:  database_cleaner (1.2.0) from /Users/jfu/.rvm/gems/ruby-1.9.3-p448@selenium/specifications/database_cleaner-1.2.0.gemspec
I, [2014-01-06T13:16:16.271872 #76692]  INFO -- : 0:  parallel (0.9.1) from /Users/jfu/.rvm/gems/ruby-1.9.3-p448@selenium/specifications/parallel-0.9.1.gemspec
I, [2014-01-06T13:16:16.975682 #76692]  INFO -- : 0:  parallel_tests (0.16.6) from /Users/jfu/.rvm/gems/ruby-1.9.3-p448@selenium/specifications/parallel_tests-0.16.6.gemspec
I, [2014-01-06T13:16:18.284306 #76692]  INFO -- : 0:  websocket-driver (0.3.2) from /Users/jfu/.rvm/gems/ruby-1.9.3-p448@selenium/specifications/websocket-driver-0.3.2.gemspec
I, [2014-01-06T13:16:19.330147 #76692]  INFO -- : 0:  poltergeist (1.5.0) from /Users/jfu/.rvm/gems/ruby-1.9.3-p448@selenium/specifications/poltergeist-1.5.0.gemspec
I, [2014-01-06T13:16:20.176048 #76692]  INFO -- : 0:  rspec-core (2.14.7) from /Users/jfu/.rvm/gems/ruby-1.9.3-p448@selenium/specifications/rspec-core-2.14.7.gemspec
I, [2014-01-06T13:16:20.958785 #76692]  INFO -- : 0:  rspec-expectations (2.14.4) from /Users/jfu/.rvm/gems/ruby-1.9.3-p448@selenium/specifications/rspec-expectations-2.14.4.gemspec
I, [2014-01-06T13:16:22.440127 #76692]  INFO -- : 0:  rspec-mocks (2.14.4) from /Users/jfu/.rvm/gems/ruby-1.9.3-p448@selenium/specifications/rspec-mocks-2.14.4.gemspec
I, [2014-01-06T13:16:23.046592 #76692]  INFO -- : 0:  rspec (2.14.1) from /Users/jfu/.rvm/gems/ruby-1.9.3-p448@selenium/specifications/rspec-2.14.1.gemspec
I, [2014-01-06T13:16:23.714245 #76692]  INFO -- : 0:  rubyzip (1.1.0) from /Users/jfu/.rvm/gems/ruby-1.9.3-p448@selenium/specifications/rubyzip-1.1.0.gemspec
I, [2014-01-06T13:16:24.424676 #76692]  INFO -- : 0:  websocket (1.0.7) from /Users/jfu/.rvm/gems/ruby-1.9.3-p448@selenium/specifications/websocket-1.0.7.gemspec
I, [2014-01-06T13:16:28.000523 #76692]  INFO -- : 0:  selenium-webdriver (2.39.0) from /Users/jfu/.rvm/gems/ruby-1.9.3-p448@selenium/specifications/selenium-webdriver-2.39.0.gemspec
I, [2014-01-06T13:16:29.446900 #76692]  INFO -- : 0:  system-getifaddrs (0.2.0) from /Users/jfu/.rvm/gems/ruby-1.9.3-p448@selenium/specifications/system-getifaddrs-0.2.0.gemspec
I, [2014-01-06T13:16:29.447935 #76692]  INFO -- : 0:  bundler (1.5.1) from /Users/jfu/.rvm/gems/ruby-1.9.3-p448@selenium/specifications/bundler-1.5.1.gemspec
